<?xml version="1.0" encoding="UTF-8"?>
<!-- Generated by org.testng.reporters.JUnitReportReporter -->
<testsuite hostname="LAPTOP-1E8GTOJM" failures="0" tests="2" name="RestApi.RestAssured.Test_Getmethod" time="2.265" errors="0" timestamp="2024-09-05T11:32:59 IST" skipped="0">
  <testcase classname="RestApi.RestAssured.Test_Getmethod" name="Get" time="2.054"/>
  <testcase classname="RestApi.RestAssured.Test_Getmethod" name="test01" time="0.211"/>
</testsuite> <!-- RestApi.RestAssured.Test_Getmethod -->
