<?xml version="1.0" encoding="UTF-8"?>
<!-- Generated by org.testng.reporters.JUnitReportReporter -->
<testsuite hostname="LAPTOP-1E8GTOJM" failures="0" tests="1" name="RestApi.RestAssured.PostMethod" time="3.497" errors="0" timestamp="2024-09-10T15:16:51 IST" skipped="0">
  <testcase classname="RestApi.RestAssured.PostMethod" name="test03" time="3.497"/>
</testsuite> <!-- RestApi.RestAssured.PostMethod -->
