<?xml version="1.0" encoding="UTF-8"?>
<!-- Generated by org.testng.reporters.JUnitReportReporter -->
<testsuite hostname="LAPTOP-1E8GTOJM" failures="0" tests="1" name="Session6.ValidateJsonResponse" time="4.439" errors="0" timestamp="2024-09-10T15:16:52 IST" skipped="0">
  <testcase classname="Session6.ValidateJsonResponse" name="UserListResponseBody" time="4.439"/>
</testsuite> <!-- Session6.ValidateJsonResponse -->
