<?xml version="1.0" encoding="UTF-8"?>
<!-- Generated by org.testng.reporters.JUnitReportReporter -->
<testsuite hostname="LAPTOP-1E8GTOJM" failures="0" tests="2" name="session04.CheckForValidResponse" time="2.075" errors="0" timestamp="2024-09-06T15:37:40 IST" skipped="0">
  <testcase classname="session04.CheckForValidResponse" name="GetSingleUser_BBBStyle" time="0.164"/>
  <testcase classname="session04.CheckForValidResponse" name="GetSingleUser" time="1.911"/>
</testsuite> <!-- session04.CheckForValidResponse -->
