<?xml version="1.0" encoding="UTF-8"?>
<!-- Generated by org.testng.reporters.JUnitReportReporter -->
<testsuite hostname="LAPTOP-1E8GTOJM" failures="0" tests="1" name="RestApi.RestAssured.DeleteMethod" time="2.521" errors="0" timestamp="2024-09-05T11:36:35 IST" skipped="0">
  <testcase classname="RestApi.RestAssured.DeleteMethod" name="Test05" time="2.521"/>
</testsuite> <!-- RestApi.RestAssured.DeleteMethod -->
