<?xml version="1.0" encoding="UTF-8"?>
<!-- Generated by org.testng.reporters.JUnitReportReporter -->
<testsuite hostname="LAPTOP-1E8GTOJM" failures="0" tests="1" name="session05.ValidateResponseHeader" time="1.798" errors="0" timestamp="2024-09-06T16:11:04 IST" skipped="0">
  <testcase classname="session05.ValidateResponseHeader" name="GetSingleUser" time="1.798"/>
</testsuite> <!-- session05.ValidateResponseHeader -->
