<?xml version="1.0" encoding="UTF-8"?>
<!-- Generated by org.testng.reporters.JUnitReportReporter -->
<testsuite hostname="LAPTOP-1E8GTOJM" failures="0" tests="1" name="RestApi.RestAssured.PutMethod" time="2.434" errors="0" timestamp="2024-09-05T11:35:38 IST" skipped="0">
  <testcase classname="RestApi.RestAssured.PutMethod" name="test04" time="2.434"/>
</testsuite> <!-- RestApi.RestAssured.PutMethod -->
