<?xml version="1.0" encoding="UTF-8"?>
<!-- Generated by org.testng.reporters.JUnitReportReporter -->
<testsuite hostname="LAPTOP-1E8GTOJM" failures="0" tests="1" name="RestApi.RestAssured.RestApi" time="2.987" errors="0" timestamp="2024-09-04T12:49:59 IST" skipped="0">
  <testcase classname="RestApi.RestAssured.RestApi" name="FirstClass" time="2.987"/>
</testsuite> <!-- RestApi.RestAssured.RestApi -->
